<?xml version="1.0" encoding="UTF-8"?>
<!-- Generated by org.testng.reporters.JUnitReportReporter -->
<testsuite hostname="DESKTOP-9MT6ISG" failures="0" tests="3" name="tests.PetTest" time="3.878" errors="0" timestamp="07 Apr 2024 18:55:40 GMT" skipped="0">
  <testcase classname="tests.PetTest" name="petnotfound" time="1.814"/>
  <testcase classname="tests.PetTest" name="updateaPet" time="0.759"/>
  <testcase classname="tests.PetTest" name="searchPetsStatusPending" time="1.305"/>
</testsuite> <!-- tests.PetTest -->
