<?xml version="1.0" encoding="UTF-8"?>
<!-- Generated by org.testng.reporters.JUnitReportReporter -->
<testsuite hostname="quicksilver" failures="0" tests="2" name="tests.StoreTest" time="1.476" errors="0" timestamp="2024-04-08T09:43:35 BRT" skipped="0">
  <testcase classname="tests.StoreTest" name="testPlaceanOrder" time="0.747"/>
  <testcase classname="tests.StoreTest" name="testPlaceaninvalidOrder" time="0.729"/>
</testsuite> <!-- tests.StoreTest -->
