<?xml version="1.0" encoding="UTF-8"?>
<!-- Generated by org.testng.reporters.JUnitReportReporter -->
<testsuite hostname="quicksilver" failures="0" tests="3" name="tests.PetTest" time="4.550" errors="0" timestamp="2024-04-07T21:18:50 BRT" skipped="0">
  <testcase classname="tests.PetTest" name="updateaPet" time="0.929"/>
  <testcase classname="tests.PetTest" name="petnotfound" time="2.065"/>
  <testcase classname="tests.PetTest" name="searchPetsStatusPending" time="1.556"/>
</testsuite> <!-- tests.PetTest -->
