<?xml version="1.0" encoding="UTF-8"?>
<!-- Generated by org.testng.reporters.JUnitReportReporter -->
<testsuite hostname="quicksilver" failures="0" tests="3" name="tests.PetTest" time="4.487" errors="0" timestamp="2024-04-08T09:43:35 BRT" skipped="0">
  <testcase classname="tests.PetTest" name="petnotfound" time="2.002"/>
  <testcase classname="tests.PetTest" name="searchPetsStatusPending" time="1.520"/>
  <testcase classname="tests.PetTest" name="updateaPet" time="0.965"/>
</testsuite> <!-- tests.PetTest -->
